<?xml version="1.0" encoding="UTF-8"?>
<!-- Generated by org.testng.reporters.JUnitXMLReporter -->
<testsuite hostname="Personal" ignored="0" name="Functional Testing for Banggoodsite" tests="5" failures="1" timestamp="2021-06-23T12:53:04 IST" time="70.018" errors="0">
  <testcase name="FooterLink" time="1.643" classname="com.qa.testscript.Tc_BanggoodFooterlinks">
    <failure type="java.lang.AssertionError" message="expected [true] but found [false]">
      <![CDATA[java.lang.AssertionError: expected [true] but found [false]
at com.qa.testscript.Tc_BanggoodFooterlinks.FooterLink(Tc_BanggoodFooterlinks.java:30)
at java.util.concurrent.ThreadPoolExecutor.runWorker(ThreadPoolExecutor.java:1149)
at java.util.concurrent.ThreadPoolExecutor$Worker.run(ThreadPoolExecutor.java:624)
at java.lang.Thread.run(Thread.java:748)
... Removed 16 stack frames]]>
    </failure>
  </testcase> <!-- FooterLink -->
  <testcase name="SearchItem" time="9.39" classname="com.qa.testscript.Tc_Banggood"/>
  <testcase name="SearchItem" time="21.14" classname="com.qa.testscript.Tc_Banggood"/>
  <testcase name="SearchItem" time="4.485" classname="com.qa.testscript.Tc_Banggood"/>
  <testcase name="SearchItem" time="19.671" classname="com.qa.testscript.Tc_Banggood"/>
</testsuite> <!-- Functional Testing for Banggoodsite -->
