<?xml version="1.0" encoding="UTF-8"?>
<!-- Generated by org.testng.reporters.JUnitXMLReporter -->
<testsuite hostname="Personal" ignored="0" name="Default test" tests="4" failures="0" timestamp="2021-06-22T17:49:56 IST" time="0.576" errors="0">
  <testcase name="@BeforeClass SetUp" time="-1.624364396055E9" classname="qa.com.testscript.TestBase">
    <failure type="org.testng.TestNGException" message="
Parameter &amp;apos;Browser&amp;apos; is required by BeforeClass on method SetUp but has not been marked @Optional or defined
in C:\Users\User\AppData\Local\Temp\testng-eclipse--315252808\testng-customsuite.xml">
      <![CDATA[org.testng.TestNGException: 
Parameter 'Browser' is required by BeforeClass on method SetUp but has not been marked @Optional or defined
in C:\Users\User\AppData\Local\Temp\testng-eclipse--315252808\testng-customsuite.xml
at org.testng.internal.Parameters.createParams(Parameters.java:270)
at org.testng.internal.Parameters.createParametersForMethod(Parameters.java:358)
at org.testng.internal.Parameters.createParameters(Parameters.java:700)
at org.testng.internal.Parameters.createConfigurationParameters(Parameters.java:168)
at org.testng.internal.ConfigInvoker.invokeConfigurations(ConfigInvoker.java:302)
at org.testng.internal.TestMethodWorker.invokeBeforeClassMethods(TestMethodWorker.java:176)
at org.testng.internal.TestMethodWorker.run(TestMethodWorker.java:122)
at java.util.ArrayList.forEach(ArrayList.java:1257)
at org.testng.TestRunner.privateRun(TestRunner.java:794)
at org.testng.TestRunner.run(TestRunner.java:596)
at org.testng.SuiteRunner.runTest(SuiteRunner.java:377)
at org.testng.SuiteRunner.runSequentially(SuiteRunner.java:371)
at org.testng.SuiteRunner.privateRun(SuiteRunner.java:332)
at org.testng.SuiteRunner.run(SuiteRunner.java:276)
at org.testng.SuiteRunnerWorker.runSuite(SuiteRunnerWorker.java:53)
at org.testng.SuiteRunnerWorker.run(SuiteRunnerWorker.java:96)
at org.testng.TestNG.runSuitesSequentially(TestNG.java:1212)
at org.testng.TestNG.runSuitesLocally(TestNG.java:1134)
at org.testng.TestNG.runSuites(TestNG.java:1063)
at org.testng.TestNG.run(TestNG.java:1031)
at org.testng.remote.AbstractRemoteTestNG.run(AbstractRemoteTestNG.java:115)
at org.testng.remote.RemoteTestNG.initAndRun(RemoteTestNG.java:251)
at org.testng.remote.RemoteTestNG.main(RemoteTestNG.java:77)
]]>
    </failure>
  </testcase> <!-- @BeforeClass SetUp -->
  <testcase name="@AfterClass TearDown" time="-1.624364396614E9" classname="qa.com.testscript.TestBase">
    <skipped/>
  </testcase> <!-- @AfterClass TearDown -->
  <testcase name="SearchItem" time="0.0" classname="qa.com.testscript.Tc_Banggood">
    <skipped/>
  </testcase> <!-- SearchItem -->
  <testcase name="SearchItem" time="0.0" classname="qa.com.testscript.Tc_Banggood">
    <skipped/>
  </testcase> <!-- SearchItem -->
  <testcase name="SearchItem" time="0.0" classname="qa.com.testscript.Tc_Banggood">
    <skipped/>
  </testcase> <!-- SearchItem -->
  <testcase name="SearchItem" time="0.0" classname="qa.com.testscript.Tc_Banggood">
    <skipped/>
  </testcase> <!-- SearchItem -->
</testsuite> <!-- Default test -->
